
> frontend@0.1.0 build
> next build

node.exe : ΓÜá 
Warning: Next.js 
inferred your 
workspace root, but it 
may not be correct.
At line:1 char:1
+ & "C:\Program 
Files\nodejs/node.exe" 
"C:\Program 
Files\nodejs/node_mo 
...
+ ~~~~~~~~~~~~~~~~~~~~~
~~~~~~~~~~~~~~~~~~~~~~~
~~~~~~~~~~~~~~~~~~~~~~~
~~
    + CategoryInfo     
         : NotSpecifi  
  ed: (ΓÜá Warning:    
 Ne...not be correc    
t.:String) [], Rem    
oteException
    + FullyQualifiedEr 
   rorId : NativeComm  
  andError
 
 We detected multiple 
lockfiles and selected 
the directory of C:\Use
rs\mdkai\package-lock.j
son as the root 
directory.
 To silence this 
warning, set 
`turbopack.root` in 
your Next.js config, 
or consider removing 
one of the lockfiles 
if it's not needed.
   See https://nextjs.o
rg/docs/app/api-referen
ce/config/next-config-j
s/turbopack#root-direct
ory for more 
information.
 Detected additional 
lockfiles: 
   * C:\Users\mdkai\One
Drive\Desktop\full 
stack application\front
end\package-lock.json

Γû▓ Next.js 16.1.6 (Turbopack)

  Creating an optimized production build ...

> Build error occurred
Error: Turbopack build 
failed with 1 errors:
./OneDrive/Desktop/full
 stack application/fron
tend/app/layout.tsx:3:1
Module not found: 
Can't resolve 
'./globals.css'
[0m [90m 1 |[39m 
[36mimport[39m type 
{ [33mMetadata[39m } 
[36mfrom[39m [32m"ne
xt"[39m[33m;[39m
 [90m 2 |[39m 
[36mimport[39m { 
[33mInter[39m } 
[36mfrom[39m [32m"ne
xt/font/google"[39m[3
3m;[39m
[31m[1m>[22m[39m[9
0m 3 |[39m 
[36mimport[39m [32m"
./globals.css"[39m[33
m;[39m
 [90m   |[39m [31m[
1m^[22m[39m[31m[1m^
[22m[39m[31m[1m^[2
2m[39m[31m[1m^[22m
[39m[31m[1m^[22m[39
m[31m[1m^[22m[39m[
31m[1m^[22m[39m[31m
[1m^[22m[39m[31m[1
m^[22m[39m[31m[1m^
[22m[39m[31m[1m^[22
m[39m[31m[1m^[22m[
39m[31m[1m^[22m[39m
[31m[1m^[22m[39m[3
1m[1m^[22m[39m[31m
[1m^[22m[39m[31m[1m
^[22m[39m[31m[1m^[
22m[39m[31m[1m^[22m
[39m[31m[1m^[22m[3
9m[31m[1m^[22m[39m
[31m[1m^[22m[39m[31
m[1m^[22m[39m
 [90m 4 |[39m 
[36mimport[39m 
[33mNavbar[39m 
[36mfrom[39m [32m"..
/components/Navbar"[39
m[33m;[39m
 [90m 5 |[39m 
[36mimport[39m 
[33mSidebar[39m 
[36mfrom[39m [32m"..
/components/Sidebar"[3
9m[33m;[39m
 [90m 6 |[39m[0m



https://nextjs.org/docs
/messages/module-not-fo
und


    at <unknown> (./One
Drive/Desktop/full 
stack application/front
end/app/layout.tsx:3:1)
    at <unknown> (https
://nextjs.org/docs/mess
ages/module-not-found)
